<?xml version="1.0" encoding="UTF-8"?>
<!-- Generated by org.testng.reporters.JUnitReportReporter -->
<testsuite name="test.TestValidPassword" tests="1" time="0.003" ignored="0" failures="0" timestamp="14 Dec 2020 04:15:05 GMT" skipped="0" hostname="localhost.localdomain" errors="0">
  <testcase name="f" time="0.003" classname="test.TestValidPassword"/>
</testsuite> <!-- test.TestValidPassword -->
