<?xml version="1.0" encoding="UTF-8"?>
<!-- Generated by org.testng.reporters.JUnitReportReporter -->
<testsuite name="test.TestSuccessfulLogin" tests="1" time="0.636" ignored="0" failures="0" timestamp="14 Dec 2020 06:35:27 GMT" skipped="0" hostname="localhost.localdomain" errors="0">
  <testcase name="testSuccessfullLogin" time="0.636" classname="test.TestSuccessfulLogin"/>
</testsuite> <!-- test.TestSuccessfulLogin -->
